[2026-05-31 16:19:02] production.ERROR: Call to undefined function str_slug() {"exception":"[object] (Error(code: 0): Call to undefined function str_slug() at /tmp/workspace/faizSpero/webhook-sekolah/config/session.php:14)
[stacktrace]
#0 /tmp/workspace/faizSpero/webhook-sekolah/vendor/laravel/framework/src/Illuminate/Foundation/Bootstrap/LoadConfiguration.php(97): require()
#1 /tmp/workspace/faizSpero/webhook-sekolah/vendor/laravel/framework/src/Illuminate/Foundation/Bootstrap/LoadConfiguration.php(97): Illuminate\\Foundation\\Bootstrap\\LoadConfiguration->Illuminate\\Foundation\\Bootstrap\\{closure}()
#2 /tmp/workspace/faizSpero/webhook-sekolah/vendor/laravel/framework/src/Illuminate/Foundation/Bootstrap/LoadConfiguration.php(78): Illuminate\\Foundation\\Bootstrap\\LoadConfiguration->loadConfigurationFile()
#3 /tmp/workspace/faizSpero/webhook-sekolah/vendor/laravel/framework/src/Illuminate/Foundation/Bootstrap/LoadConfiguration.php(39): Illuminate\\Foundation\\Bootstrap\\LoadConfiguration->loadConfigurationFiles()
#4 /tmp/workspace/faizSpero/webhook-sekolah/vendor/laravel/framework/src/Illuminate/Foundation/Application.php(342): Illuminate\\Foundation\\Bootstrap\\LoadConfiguration->bootstrap()
#5 /tmp/workspace/faizSpero/webhook-sekolah/vendor/laravel/framework/src/Illuminate/Foundation/Console/Kernel.php(474): Illuminate\\Foundation\\Application->bootstrapWith()
#6 /tmp/workspace/faizSpero/webhook-sekolah/vendor/laravel/framework/src/Illuminate/Foundation/Console/Kernel.php(196): Illuminate\\Foundation\\Console\\Kernel->bootstrap()
#7 /tmp/workspace/faizSpero/webhook-sekolah/vendor/laravel/framework/src/Illuminate/Foundation/Application.php(1235): Illuminate\\Foundation\\Console\\Kernel->handle()
#8 /tmp/workspace/faizSpero/webhook-sekolah/artisan(13): Illuminate\\Foundation\\Application->handleCommand()
#9 {main}
"} 
[2026-05-31 16:19:15] production.ERROR: Call to undefined function str_slug() {"exception":"[object] (Error(code: 0): Call to undefined function str_slug() at /tmp/workspace/faizSpero/webhook-sekolah/config/session.php:14)
[stacktrace]
#0 /tmp/workspace/faizSpero/webhook-sekolah/vendor/laravel/framework/src/Illuminate/Foundation/Bootstrap/LoadConfiguration.php(97): require()
#1 /tmp/workspace/faizSpero/webhook-sekolah/vendor/laravel/framework/src/Illuminate/Foundation/Bootstrap/LoadConfiguration.php(97): Illuminate\\Foundation\\Bootstrap\\LoadConfiguration->Illuminate\\Foundation\\Bootstrap\\{closure}()
#2 /tmp/workspace/faizSpero/webhook-sekolah/vendor/laravel/framework/src/Illuminate/Foundation/Bootstrap/LoadConfiguration.php(78): Illuminate\\Foundation\\Bootstrap\\LoadConfiguration->loadConfigurationFile()
#3 /tmp/workspace/faizSpero/webhook-sekolah/vendor/laravel/framework/src/Illuminate/Foundation/Bootstrap/LoadConfiguration.php(39): Illuminate\\Foundation\\Bootstrap\\LoadConfiguration->loadConfigurationFiles()
#4 /tmp/workspace/faizSpero/webhook-sekolah/vendor/laravel/framework/src/Illuminate/Foundation/Application.php(342): Illuminate\\Foundation\\Bootstrap\\LoadConfiguration->bootstrap()
#5 /tmp/workspace/faizSpero/webhook-sekolah/vendor/laravel/framework/src/Illuminate/Foundation/Console/Kernel.php(474): Illuminate\\Foundation\\Application->bootstrapWith()
#6 /tmp/workspace/faizSpero/webhook-sekolah/vendor/laravel/framework/src/Illuminate/Foundation/Console/Kernel.php(196): Illuminate\\Foundation\\Console\\Kernel->bootstrap()
#7 /tmp/workspace/faizSpero/webhook-sekolah/vendor/laravel/framework/src/Illuminate/Foundation/Application.php(1235): Illuminate\\Foundation\\Console\\Kernel->handle()
#8 /tmp/workspace/faizSpero/webhook-sekolah/artisan(13): Illuminate\\Foundation\\Application->handleCommand()
#9 {main}
"} 
[2026-05-31 23:19:27] local.ERROR: The /tmp/workspace/faizSpero/webhook-sekolah/bootstrap/cache directory must be present and writable. {"exception":"[object] (Exception(code: 0): The /tmp/workspace/faizSpero/webhook-sekolah/bootstrap/cache directory must be present and writable. at /tmp/workspace/faizSpero/webhook-sekolah/vendor/laravel/framework/src/Illuminate/Foundation/PackageManifest.php:179)
[stacktrace]
#0 /tmp/workspace/faizSpero/webhook-sekolah/vendor/laravel/framework/src/Illuminate/Foundation/PackageManifest.php(132): Illuminate\\Foundation\\PackageManifest->write()
#1 /tmp/workspace/faizSpero/webhook-sekolah/vendor/laravel/framework/src/Illuminate/Foundation/PackageManifest.php(108): Illuminate\\Foundation\\PackageManifest->build()
#2 /tmp/workspace/faizSpero/webhook-sekolah/vendor/laravel/framework/src/Illuminate/Foundation/PackageManifest.php(91): Illuminate\\Foundation\\PackageManifest->getManifest()
#3 /tmp/workspace/faizSpero/webhook-sekolah/vendor/laravel/framework/src/Illuminate/Foundation/PackageManifest.php(80): Illuminate\\Foundation\\PackageManifest->config()
#4 /tmp/workspace/faizSpero/webhook-sekolah/vendor/laravel/framework/src/Illuminate/Foundation/Bootstrap/RegisterFacades.php(26): Illuminate\\Foundation\\PackageManifest->aliases()
#5 /tmp/workspace/faizSpero/webhook-sekolah/vendor/laravel/framework/src/Illuminate/Foundation/Application.php(342): Illuminate\\Foundation\\Bootstrap\\RegisterFacades->bootstrap()
#6 /tmp/workspace/faizSpero/webhook-sekolah/vendor/laravel/framework/src/Illuminate/Foundation/Console/Kernel.php(474): Illuminate\\Foundation\\Application->bootstrapWith()
#7 /tmp/workspace/faizSpero/webhook-sekolah/vendor/laravel/framework/src/Illuminate/Foundation/Console/Kernel.php(196): Illuminate\\Foundation\\Console\\Kernel->bootstrap()
#8 /tmp/workspace/faizSpero/webhook-sekolah/vendor/laravel/framework/src/Illuminate/Foundation/Application.php(1235): Illuminate\\Foundation\\Console\\Kernel->handle()
#9 /tmp/workspace/faizSpero/webhook-sekolah/artisan(13): Illuminate\\Foundation\\Application->handleCommand()
#10 {main}
"} 
[2026-05-31 23:21:12] local.ERROR: Cannot declare class App\Http\Controllers\Admin\StudentScoreController, because the name is already in use {"exception":"[object] (Symfony\\Component\\ErrorHandler\\Error\\FatalError(code: 0): Cannot declare class App\\Http\\Controllers\\Admin\\StudentScoreController, because the name is already in use at /tmp/workspace/faizSpero/webhook-sekolah/app/Http/Controllers/Admin/StudentScoreController.php:362)
[stacktrace]
#0 /tmp/workspace/faizSpero/webhook-sekolah/vendor/laravel/framework/src/Illuminate/Foundation/Bootstrap/HandleExceptions.php(247): Symfony\\Component\\ErrorHandler\\Error\\FatalError->__construct('...', '...', '...', '...', '...', '...')
#1 /tmp/workspace/faizSpero/webhook-sekolah/vendor/laravel/framework/src/Illuminate/Foundation/Bootstrap/HandleExceptions.php(234): Illuminate\\Foundation\\Bootstrap\\HandleExceptions->fatalErrorFromPhpError('...', '...')
#2 /tmp/workspace/faizSpero/webhook-sekolah/vendor/laravel/framework/src/Illuminate/Foundation/Bootstrap/HandleExceptions.php(258): Illuminate\\Foundation\\Bootstrap\\HandleExceptions->handleShutdown()
#3 /tmp/workspace/faizSpero/webhook-sekolah/vendor/laravel/framework/src/Illuminate/Foundation/Bootstrap/HandleExceptions.php(0): Illuminate\\Foundation\\Bootstrap\\HandleExceptions->Illuminate\\Foundation\\Bootstrap\\{closure:/tmp/workspace/faizSpero/webhook-sekolah/vendor/laravel/framework/src/Illuminate/Foundation/Bootstrap/HandleExceptions.php:257-259}()
#4 /tmp/workspace/faizSpero/webhook-sekolah/vendor/composer/ClassLoader.php(576): ()
#5 /tmp/workspace/faizSpero/webhook-sekolah/vendor/composer/ClassLoader.php(427): Composer\\Autoload\\{closure:/tmp/workspace/faizSpero/webhook-sekolah/vendor/composer/ClassLoader.php:575-577}('...')
#6 /tmp/workspace/faizSpero/webhook-sekolah/vendor/laravel/framework/src/Illuminate/Routing/Route.php(1117): Composer\\Autoload\\ClassLoader->loadClass('...')
#7 /tmp/workspace/faizSpero/webhook-sekolah/vendor/laravel/framework/src/Illuminate/Routing/Route.php(1117): is_a('...', '...', '...')
#8 /tmp/workspace/faizSpero/webhook-sekolah/vendor/laravel/framework/src/Illuminate/Routing/Route.php(1054): Illuminate\\Routing\\Route->controllerMiddleware()
#9 /tmp/workspace/faizSpero/webhook-sekolah/vendor/laravel/framework/src/Illuminate/Routing/Router.php(820): Illuminate\\Routing\\Route->gatherMiddleware()
#10 /tmp/workspace/faizSpero/webhook-sekolah/vendor/laravel/framework/src/Illuminate/Foundation/Console/RouteListCommand.php(211): Illuminate\\Routing\\Router->gatherRouteMiddleware('...')
#11 /tmp/workspace/faizSpero/webhook-sekolah/vendor/laravel/framework/src/Illuminate/Foundation/Console/RouteListCommand.php(148): Illuminate\\Foundation\\Console\\RouteListCommand->getMiddleware('...')
#12 /tmp/workspace/faizSpero/webhook-sekolah/vendor/laravel/framework/src/Illuminate/Foundation/Console/RouteListCommand.php(118): Illuminate\\Foundation\\Console\\RouteListCommand->getRouteInformation('...')
#13 /tmp/workspace/faizSpero/webhook-sekolah/vendor/laravel/framework/src/Illuminate/Collections/Arr.php(609): Illuminate\\Foundation\\Console\\RouteListCommand->Illuminate\\Foundation\\Console\\{closure:/tmp/workspace/faizSpero/webhook-sekolah/vendor/laravel/framework/src/Illuminate/Foundation/Console/RouteListCommand.php:117-119}('...', '...')
#14 /tmp/workspace/faizSpero/webhook-sekolah/vendor/laravel/framework/src/Illuminate/Collections/Arr.php(609): array_map(callback: '...', array: '...', arrays: Array)
#15 /tmp/workspace/faizSpero/webhook-sekolah/vendor/laravel/framework/src/Illuminate/Collections/Collection.php(799): Illuminate\\Support\\Arr::map(array: '...', callback: '...')
#16 /tmp/workspace/faizSpero/webhook-sekolah/vendor/laravel/framework/src/Illuminate/Foundation/Console/RouteListCommand.php(117): Illuminate\\Support\\Collection->map(callback: '...')
#17 /tmp/workspace/faizSpero/webhook-sekolah/vendor/laravel/framework/src/Illuminate/Foundation/Console/RouteListCommand.php(103): Illuminate\\Foundation\\Console\\RouteListCommand->getRoutes()
#18 /tmp/workspace/faizSpero/webhook-sekolah/vendor/laravel/framework/src/Illuminate/Container/BoundMethod.php(36): Illuminate\\Foundation\\Console\\RouteListCommand->handle()
#19 /tmp/workspace/faizSpero/webhook-sekolah/vendor/laravel/framework/src/Illuminate/Container/Util.php(43): Illuminate\\Container\\BoundMethod::Illuminate\\Container\\{closure:/tmp/workspace/faizSpero/webhook-sekolah/vendor/laravel/framework/src/Illuminate/Container/BoundMethod.php:35-37}()
#20 /tmp/workspace/faizSpero/webhook-sekolah/vendor/laravel/framework/src/Illuminate/Container/BoundMethod.php(95): Illuminate\\Container\\Util::unwrapIfClosure(value: '...')
#21 /tmp/workspace/faizSpero/webhook-sekolah/vendor/laravel/framework/src/Illuminate/Container/BoundMethod.php(35): Illuminate\\Container\\BoundMethod::callBoundMethod(container: '...', callback: '...', default: '...')
#22 /tmp/workspace/faizSpero/webhook-sekolah/vendor/laravel/framework/src/Illuminate/Container/Container.php(696): Illuminate\\Container\\BoundMethod::call(container: '...', callback: '...', parameters: '...', defaultMethod: '...')
#23 /tmp/workspace/faizSpero/webhook-sekolah/vendor/laravel/framework/src/Illuminate/Console/Command.php(213): Illuminate\\Foundation\\Application->call(callback: '...', parameters: '...', defaultMethod: '...')
#24 /tmp/workspace/faizSpero/webhook-sekolah/vendor/symfony/console/Command/Command.php(341): Illuminate\\Foundation\\Console\\RouteListCommand->execute(input: '...', output: '...')
#25 /tmp/workspace/faizSpero/webhook-sekolah/vendor/laravel/framework/src/Illuminate/Console/Command.php(182): Illuminate\\Foundation\\Console\\RouteListCommand->run(input: '...', output: '...')
#26 /tmp/workspace/faizSpero/webhook-sekolah/vendor/symfony/console/Application.php(1117): Illuminate\\Foundation\\Console\\RouteListCommand->run(input: '...', output: '...')
#27 /tmp/workspace/faizSpero/webhook-sekolah/vendor/symfony/console/Application.php(356): Illuminate\\Console\\Application->doRunCommand(command: '...', input: '...', output: '...')
#28 /tmp/workspace/faizSpero/webhook-sekolah/vendor/symfony/console/Application.php(195): Illuminate\\Console\\Application->doRun(input: '...', output: '...')
#29 /tmp/workspace/faizSpero/webhook-sekolah/vendor/laravel/framework/src/Illuminate/Foundation/Console/Kernel.php(198): Illuminate\\Console\\Application->run(input: '...', output: '...')
#30 /tmp/workspace/faizSpero/webhook-sekolah/vendor/laravel/framework/src/Illuminate/Foundation/Application.php(1235): Illuminate\\Foundation\\Console\\Kernel->handle(input: '...', output: '...')
#31 /tmp/workspace/faizSpero/webhook-sekolah/artisan(13): Illuminate\\Foundation\\Application->handleCommand(input: '...')
#32 /tmp/workspace/faizSpero/webhook-sekolah/artisan(0): {main}()
#33 {main}
"} 
